[debug] > Exec(early(addDefaultCommands), None, None)
[debug] > Exec(addDefaultCommands, None, None)
[debug] > Exec(early(initialize), None, None)
[debug] > Exec(initialize, None, None)
[debug] > Exec(early(addPluginSbtFile="""C:\Users\drago\AppData\Local\Temp\idea2.sbt"""), None, None)
[debug] > Exec(addPluginSbtFile="""C:\Users\drago\AppData\Local\Temp\idea2.sbt""", None, None)
[debug] > Exec(boot, None, None)
[debug] > Exec(writeSbtVersion, None, None)
[debug] > Exec(reload, None, None)
[debug] > Exec(sbtStashOnFailure, None, None)
[debug] > Exec(onFailure loadFailed, None, None)
[debug] > Exec(loadp, None, None)
[info] welcome to sbt 1.7.1 (Oracle Corporation Java 18.0.2)
[debug]       Load.loadUnit: plugins took 103.7966ms
[debug]       Load.loadUnit: defsScala took 0.338ms
[debug] [Loading] Scanning directory C:\Users\drago\.sbt\1.0\plugins
[debug] [Loading] Found non-root projects 
[debug] [Loading] Done in C:\Users\drago\.sbt\1.0\plugins, returning: ()
[debug] deducing auto plugins based on known facts Set(Atom(sbt.plugins.CorePlugin)) and clauses Clauses(Clause(Atom(sbt.plugins.JvmPlugin),Set(Atom(sbt.plugins.IvyPlugin)))
[debug] Clause(Atom(sbt.ScriptedPlugin),Set(Atom(sbt.plugins.JvmPlugin)))
[debug] Clause(Atom(sbt.plugins.SbtPlugin),Set(Atom(sbt.ScriptedPlugin)))
[debug] Clause(Atom(sbt.plugins.SemanticdbPlugin),Set(Atom(sbt.plugins.JvmPlugin)))
[debug] Clause(Atom(sbt.plugins.JUnitXmlReportPlugin),Set(Atom(sbt.plugins.JvmPlugin)))
[debug] Clause(Atom(sbt.plugins.MiniDependencyTreePlugin),Set(Atom(sbt.plugins.JvmPlugin)))
[debug] Clause(Atom(sbt.plugins.CorePlugin),Set(Atom(sbt.plugins.IvyPlugin)))
[debug] Clause(Atom(sbt.plugins.IvyPlugin),Set(Atom(sbt.plugins.JvmPlugin)))
[debug] Clause(Atom(sbt.plugins.JvmPlugin),Set(Atom(sbt.plugins.SemanticdbPlugin)))
[debug] Clause(Atom(sbt.plugins.JvmPlugin),Set(Atom(sbt.plugins.JUnitXmlReportPlugin)))
[debug] Clause(Atom(sbt.plugins.CorePlugin),Set(Atom(sbt.plugins.Giter8TemplatePlugin)))
[debug] Clause(Atom(sbt.plugins.JvmPlugin),Set(Atom(sbt.plugins.MiniDependencyTreePlugin))))
[debug]   :: deduced result: Matched(sbt.plugins.CorePlugin,sbt.plugins.Giter8TemplatePlugin,sbt.plugins.IvyPlugin,sbt.plugins.JvmPlugin,sbt.plugins.MiniDependencyTreePlugin,sbt.plugins.JUnitXmlReportPlugin,sbt.plugins.SemanticdbPlugin)
[debug] Plugins.deducer#function took 20.0638 ms
[debug]           Load.resolveProject(global-plugins) took 51.1742ms
[debug]         Load.loadTransitive: finalizeProject(Project(id global-plugins, base: C:\Users\drago\.sbt\1.0\plugins, plugins: List(<none>))) took 96.3067ms
[debug] [Loading] Done in C:\Users\drago\.sbt\1.0\plugins, returning: (global-plugins)
[debug]       Load.loadUnit: loadedProjectsRaw took 119.0536ms
[debug]       Load.loadUnit: cleanEvalClasses took 0.2944ms
[debug]     Load.loadUnit(file:/C:/Users/drago/.sbt/1.0/plugins/, ...) took 234.0879ms
[debug]   Load.apply: load took 486.3487ms
[debug]   Load.apply: resolveProjects took 8.9147ms
[debug]   Load.apply: finalTransforms took 73.4186ms
[debug]   Load.apply: config.delegates took 10.2007ms
[debug]   Load.apply: Def.make(settings)... took 462.1201ms
[debug]   Load.apply: structureIndex took 112.2197ms
[debug]   Load.apply: mkStreams took 2.3287ms
[info] loading global plugins from C:\Users\drago\.sbt\1.0\plugins
[debug] Running task... Cancel: Signal, check cycles: false, forcegc: true
[debug] Load.defaultLoad until apply took 2579.5607ms
[debug]           Load.loadUnit: plugins took 37.5452ms
[debug]           Load.loadUnit: defsScala took 0.0081ms
[debug] [Loading] Scanning directory C:\Users\drago\OneDrive\Desktop\myrep\zio-quickstart-restful-webservice\project
[debug]             Load.loadUnit: mkEval took 9.4218ms
[debug] [Loading] Found non-root projects 
[debug] [Loading] Done in C:\Users\drago\OneDrive\Desktop\myrep\zio-quickstart-restful-webservice\project, returning: ()
[debug] deducing auto plugins based on known facts Set(Atom(sbt.plugins.CorePlugin)) and clauses Clauses(Clause(Atom(sbt.plugins.JvmPlugin),Set(Atom(sbt.plugins.IvyPlugin)))
[debug] Clause(Atom(sbt.ScriptedPlugin),Set(Atom(sbt.plugins.JvmPlugin)))
[debug] Clause(Atom(sbt.plugins.SbtPlugin),Set(Atom(sbt.ScriptedPlugin)))
[debug] Clause(Atom(sbt.plugins.SemanticdbPlugin),Set(Atom(sbt.plugins.JvmPlugin)))
[debug] Clause(Atom(sbt.plugins.JUnitXmlReportPlugin),Set(Atom(sbt.plugins.JvmPlugin)))
[debug] Clause(Atom(sbt.plugins.MiniDependencyTreePlugin),Set(Atom(sbt.plugins.JvmPlugin)))
[debug] Clause(Atom(sbt.plugins.CorePlugin),Set(Atom(sbt.plugins.IvyPlugin)))
[debug] Clause(Atom(sbt.plugins.IvyPlugin),Set(Atom(sbt.plugins.JvmPlugin)))
[debug] Clause(Atom(sbt.plugins.JvmPlugin),Set(Atom(sbt.plugins.SemanticdbPlugin)))
[debug] Clause(Atom(sbt.plugins.JvmPlugin),Set(Atom(sbt.plugins.JUnitXmlReportPlugin)))
[debug] Clause(Atom(sbt.plugins.CorePlugin),Set(Atom(sbt.plugins.Giter8TemplatePlugin)))
[debug] Clause(Atom(sbt.plugins.JvmPlugin),Set(Atom(sbt.plugins.MiniDependencyTreePlugin))))
[debug]   :: deduced result: Matched(sbt.plugins.CorePlugin,sbt.plugins.Giter8TemplatePlugin,sbt.plugins.IvyPlugin,sbt.plugins.JvmPlugin,sbt.plugins.MiniDependencyTreePlugin,sbt.plugins.JUnitXmlReportPlugin,sbt.plugins.SemanticdbPlugin)
[debug] Plugins.deducer#function took 2.0736 ms
[info] loading settings for project zio-quickstart-restful-webservice-build from idea2.sbt ...
[debug]               Load.resolveProject(zio-quickstart-restful-webservice-build) took 3.0363ms
[debug]             Load.loadTransitive: finalizeProject(Project(id zio-quickstart-restful-webservice-build, base: C:\Users\drago\OneDrive\Desktop\myrep\zio-quickstart-restful-webservice\project, plugins: List(<none>))) took 5.7702ms
[debug] [Loading] Done in C:\Users\drago\OneDrive\Desktop\myrep\zio-quickstart-restful-webservice\project, returning: (zio-quickstart-restful-webservice-build)
[debug]           Load.loadUnit: loadedProjectsRaw took 179.8102ms
[debug]           Load.loadUnit: cleanEvalClasses took 9.0365ms
[debug]         Load.loadUnit(file:/C:/Users/drago/OneDrive/Desktop/myrep/zio-quickstart-restful-webservice/project/, ...) took 227.8157ms
[debug]       Load.apply: load took 229.7946ms
[debug]       Load.apply: resolveProjects took 0.1775ms
[debug]       Load.apply: finalTransforms took 16.6354ms
[debug]       Load.apply: config.delegates took 0.5057ms
[debug]       Load.apply: Def.make(settings)... took 86.8189ms
[debug]       Load.apply: structureIndex took 33.659ms
[debug]       Load.apply: mkStreams took 0.0031ms
[info] loading project definition from C:\Users\drago\OneDrive\Desktop\myrep\zio-quickstart-restful-webservice\project
[debug] Running task... Cancel: Signal, check cycles: false, forcegc: true
[debug]     Load.loadUnit: plugins took 667.6374ms
[debug]     Load.loadUnit: defsScala took 0.0027ms
[debug] [Loading] Scanning directory C:\Users\drago\OneDrive\Desktop\myrep\zio-quickstart-restful-webservice
[debug]       Load.loadUnit: mkEval took 0.2122ms
[debug] [Loading] Found non-root projects 
[debug] [Loading] Done in C:\Users\drago\OneDrive\Desktop\myrep\zio-quickstart-restful-webservice, returning: ()
[debug] deducing auto plugins based on known facts Set(Atom(sbt.plugins.CorePlugin)) and clauses Clauses(Clause(Atom(sbt.plugins.JvmPlugin),Set(Atom(sbt.plugins.IvyPlugin)))
[debug] Clause(Atom(sbt.ScriptedPlugin),Set(Atom(sbt.plugins.JvmPlugin)))
[debug] Clause(Atom(sbt.plugins.SbtPlugin),Set(Atom(sbt.ScriptedPlugin)))
[debug] Clause(Atom(sbt.plugins.SemanticdbPlugin),Set(Atom(sbt.plugins.JvmPlugin)))
[debug] Clause(Atom(sbt.plugins.JUnitXmlReportPlugin),Set(Atom(sbt.plugins.JvmPlugin)))
[debug] Clause(Atom(sbt.plugins.MiniDependencyTreePlugin),Set(Atom(sbt.plugins.JvmPlugin)))
[debug] Clause(Atom(org.jetbrains.sbt.StructurePlugin),Set(Atom(sbt.plugins.JvmPlugin)))
[debug] Clause(Atom(org.jetbrains.sbt.IdeaShellPlugin),Set(Atom(sbt.plugins.JvmPlugin)))
[debug] Clause(Atom(org.jetbrains.sbt.indices.SbtIntellijIndicesPlugin),Set(Atom(sbt.plugins.JvmPlugin)))
[debug] Clause(Atom(sbt.plugins.CorePlugin),Set(Atom(sbt.plugins.IvyPlugin)))
[debug] Clause(Atom(sbt.plugins.IvyPlugin),Set(Atom(sbt.plugins.JvmPlugin)))
[debug] Clause(Atom(sbt.plugins.JvmPlugin),Set(Atom(sbt.plugins.SemanticdbPlugin)))
[debug] Clause(Atom(sbt.plugins.JvmPlugin),Set(Atom(sbt.plugins.JUnitXmlReportPlugin)))
[debug] Clause(Atom(sbt.plugins.CorePlugin),Set(Atom(sbt.plugins.Giter8TemplatePlugin)))
[debug] Clause(Atom(sbt.plugins.JvmPlugin),Set(Atom(sbt.plugins.MiniDependencyTreePlugin)))
[debug] Clause(Atom(sbt.plugins.JvmPlugin),Set(Atom(org.jetbrains.sbt.StructurePlugin)))
[debug] Clause(Atom(sbt.plugins.JvmPlugin),Set(Atom(org.jetbrains.sbt.IdeaShellPlugin)))
[debug] Clause(And(Set(Atom(sbt.plugins.CorePlugin), Atom(sbt.plugins.JvmPlugin))),Set(Atom(org.jetbrains.sbt.indices.SbtIntellijIndicesPlugin))))
[debug]   :: deduced result: Matched(sbt.plugins.CorePlugin,sbt.plugins.Giter8TemplatePlugin,sbt.plugins.IvyPlugin,sbt.plugins.JvmPlugin,sbt.plugins.SemanticdbPlugin,org.jetbrains.sbt.indices.SbtIntellijIndicesPlugin,sbt.plugins.JUnitXmlReportPlugin,org.jetbrains.sbt.IdeaShellPlugin,org.jetbrains.sbt.StructurePlugin,sbt.plugins.MiniDependencyTreePlugin)
[debug] Plugins.deducer#function took 2.6007 ms
[info] loading settings for project zio-quickstart-restful-webservice from build.sbt ...
[debug]         Load.resolveProject(zio-quickstart-restful-webservice) took 34.4279ms
[debug]       Load.loadTransitive: finalizeProject(Project(id zio-quickstart-restful-webservice, base: C:\Users\drago\OneDrive\Desktop\myrep\zio-quickstart-restful-webservice, plugins: List(<none>))) took 38.0625ms
[debug] [Loading] Done in C:\Users\drago\OneDrive\Desktop\myrep\zio-quickstart-restful-webservice, returning: (zio-quickstart-restful-webservice)
[debug]     Load.loadUnit: loadedProjectsRaw took 103.9202ms
[debug]     Load.loadUnit: cleanEvalClasses took 21.8462ms
[debug]   Load.loadUnit(file:/C:/Users/drago/OneDrive/Desktop/myrep/zio-quickstart-restful-webservice/, ...) took 794.517ms
[debug] Load.apply: load took 797.6759ms
[debug] Load.apply: resolveProjects took 0.152ms
[debug] Load.apply: finalTransforms took 30.0331ms
[debug] Load.apply: config.delegates took 0.5136ms
[debug] Load.apply: Def.make(settings)... took 76.4591ms
[debug] Load.apply: structureIndex took 27.8655ms
[debug] Load.apply: mkStreams took 0.0037ms
[info] set current project to zio-quickstart-restful-webservice (in build file:/C:/Users/drago/OneDrive/Desktop/myrep/zio-quickstart-restful-webservice/)
[debug] > Exec(sbtPopOnFailure, None, None)
[debug] > Exec(resumeFromFailure, None, None)
[debug] > Exec(notifyUsersAboutShell, None, None)
[debug] > Exec(iflast shell, None, None)
[debug] > Exec(; set ideaPort in Global := 49456 ; idea-shell, None, None)
[debug] > Exec(set ideaPort in Global := 49456, None, None)
[info] Defining Global / ideaPort
[info] The new value will be used by Compile / compile, Test / compile
[debug] Defining 
[debug] 	Global / ideaPort
[debug] 
[debug] The new value will be used by 
[debug] 	Compile / compile
[debug] 	Test / compile
[info] Reapplying settings...
[info] set current project to zio-quickstart-restful-webservice (in build file:/C:/Users/drago/OneDrive/Desktop/myrep/zio-quickstart-restful-webservice/)
[debug] > Exec(idea-shell, None, None)
