[debug] > Exec(early(addDefaultCommands), None, None)
[debug] > Exec(addDefaultCommands, None, None)
[debug] > Exec(early(initialize), None, None)
[debug] > Exec(initialize, None, None)
[debug] > Exec(early(addPluginSbtFile="""C:\Users\drago\AppData\Local\Temp\idea2973.sbt"""), None, None)
[debug] > Exec(addPluginSbtFile="""C:\Users\drago\AppData\Local\Temp\idea2973.sbt""", None, None)
[debug] > Exec(boot, None, None)
[debug] > Exec(writeSbtVersion, None, None)
[debug] > Exec(reload, None, None)
[debug] > Exec(sbtStashOnFailure, None, None)
[debug] > Exec(onFailure loadFailed, None, None)
[debug] > Exec(loadp, None, None)
[info] welcome to sbt 1.7.1 (Oracle Corporation Java 18.0.2)
[debug]       Load.loadUnit: plugins took 101.7263ms
[debug]       Load.loadUnit: defsScala took 0.2881ms
[debug] [Loading] Scanning directory C:\Users\drago\.sbt\1.0\plugins
[debug] [Loading] Found non-root projects 
[debug] [Loading] Done in C:\Users\drago\.sbt\1.0\plugins, returning: ()
[debug] deducing auto plugins based on known facts Set(Atom(sbt.plugins.CorePlugin)) and clauses Clauses(Clause(Atom(sbt.plugins.JvmPlugin),Set(Atom(sbt.plugins.IvyPlugin)))
[debug] Clause(Atom(sbt.ScriptedPlugin),Set(Atom(sbt.plugins.JvmPlugin)))
[debug] Clause(Atom(sbt.plugins.SbtPlugin),Set(Atom(sbt.ScriptedPlugin)))
[debug] Clause(Atom(sbt.plugins.SemanticdbPlugin),Set(Atom(sbt.plugins.JvmPlugin)))
[debug] Clause(Atom(sbt.plugins.JUnitXmlReportPlugin),Set(Atom(sbt.plugins.JvmPlugin)))
[debug] Clause(Atom(sbt.plugins.MiniDependencyTreePlugin),Set(Atom(sbt.plugins.JvmPlugin)))
[debug] Clause(Atom(sbt.plugins.CorePlugin),Set(Atom(sbt.plugins.IvyPlugin)))
[debug] Clause(Atom(sbt.plugins.IvyPlugin),Set(Atom(sbt.plugins.JvmPlugin)))
[debug] Clause(Atom(sbt.plugins.JvmPlugin),Set(Atom(sbt.plugins.SemanticdbPlugin)))
[debug] Clause(Atom(sbt.plugins.JvmPlugin),Set(Atom(sbt.plugins.JUnitXmlReportPlugin)))
[debug] Clause(Atom(sbt.plugins.CorePlugin),Set(Atom(sbt.plugins.Giter8TemplatePlugin)))
[debug] Clause(Atom(sbt.plugins.JvmPlugin),Set(Atom(sbt.plugins.MiniDependencyTreePlugin))))
[debug]   :: deduced result: Matched(sbt.plugins.CorePlugin,sbt.plugins.Giter8TemplatePlugin,sbt.plugins.IvyPlugin,sbt.plugins.JvmPlugin,sbt.plugins.MiniDependencyTreePlugin,sbt.plugins.JUnitXmlReportPlugin,sbt.plugins.SemanticdbPlugin)
[debug] Plugins.deducer#function took 22.8218 ms
[debug]           Load.resolveProject(global-plugins) took 44.9366ms
[debug]         Load.loadTransitive: finalizeProject(Project(id global-plugins, base: C:\Users\drago\.sbt\1.0\plugins, plugins: List(<none>))) took 89.7524ms
[debug] [Loading] Done in C:\Users\drago\.sbt\1.0\plugins, returning: (global-plugins)
[debug]       Load.loadUnit: loadedProjectsRaw took 115.5765ms
[debug]       Load.loadUnit: cleanEvalClasses took 0.23ms
[debug]     Load.loadUnit(file:/C:/Users/drago/.sbt/1.0/plugins/, ...) took 228.4796ms
[debug]   Load.apply: load took 865.4603ms
[debug]   Load.apply: resolveProjects took 6.1852ms
[debug]   Load.apply: finalTransforms took 56.6456ms
[debug]   Load.apply: config.delegates took 6.3115ms
[debug]   Load.apply: Def.make(settings)... took 440.4779ms
[debug]   Load.apply: structureIndex took 117.5239ms
[debug]   Load.apply: mkStreams took 2.0075ms
[info] loading global plugins from C:\Users\drago\.sbt\1.0\plugins
[debug] Running task... Cancel: Signal, check cycles: false, forcegc: true
[debug] Load.defaultLoad until apply took 3528.6616ms
[debug]           Load.loadUnit: plugins took 37.577ms
[debug]           Load.loadUnit: defsScala took 0.0057ms
[debug] [Loading] Scanning directory C:\Users\drago\OneDrive\Desktop\myrep\zio-quickstart-restful-webservice\project
[debug]             Load.loadUnit: mkEval took 6.0416ms
[debug] [Loading] Found non-root projects 
[debug] [Loading] Done in C:\Users\drago\OneDrive\Desktop\myrep\zio-quickstart-restful-webservice\project, returning: ()
[debug] deducing auto plugins based on known facts Set(Atom(sbt.plugins.CorePlugin)) and clauses Clauses(Clause(Atom(sbt.plugins.JvmPlugin),Set(Atom(sbt.plugins.IvyPlugin)))
[debug] Clause(Atom(sbt.ScriptedPlugin),Set(Atom(sbt.plugins.JvmPlugin)))
[debug] Clause(Atom(sbt.plugins.SbtPlugin),Set(Atom(sbt.ScriptedPlugin)))
[debug] Clause(Atom(sbt.plugins.SemanticdbPlugin),Set(Atom(sbt.plugins.JvmPlugin)))
[debug] Clause(Atom(sbt.plugins.JUnitXmlReportPlugin),Set(Atom(sbt.plugins.JvmPlugin)))
[debug] Clause(Atom(sbt.plugins.MiniDependencyTreePlugin),Set(Atom(sbt.plugins.JvmPlugin)))
[debug] Clause(Atom(sbt.plugins.CorePlugin),Set(Atom(sbt.plugins.IvyPlugin)))
[debug] Clause(Atom(sbt.plugins.IvyPlugin),Set(Atom(sbt.plugins.JvmPlugin)))
[debug] Clause(Atom(sbt.plugins.JvmPlugin),Set(Atom(sbt.plugins.SemanticdbPlugin)))
[debug] Clause(Atom(sbt.plugins.JvmPlugin),Set(Atom(sbt.plugins.JUnitXmlReportPlugin)))
[debug] Clause(Atom(sbt.plugins.CorePlugin),Set(Atom(sbt.plugins.Giter8TemplatePlugin)))
[debug] Clause(Atom(sbt.plugins.JvmPlugin),Set(Atom(sbt.plugins.MiniDependencyTreePlugin))))
[debug]   :: deduced result: Matched(sbt.plugins.CorePlugin,sbt.plugins.Giter8TemplatePlugin,sbt.plugins.IvyPlugin,sbt.plugins.JvmPlugin,sbt.plugins.MiniDependencyTreePlugin,sbt.plugins.JUnitXmlReportPlugin,sbt.plugins.SemanticdbPlugin)
[debug] Plugins.deducer#function took 2.431 ms
[info] loading settings for project zio-quickstart-restful-webservice-build from idea2973.sbt ...
[debug]               Load.resolveProject(zio-quickstart-restful-webservice-build) took 7.3311ms
[debug]             Load.loadTransitive: finalizeProject(Project(id zio-quickstart-restful-webservice-build, base: C:\Users\drago\OneDrive\Desktop\myrep\zio-quickstart-restful-webservice\project, plugins: List(<none>))) took 10.4907ms
[debug] [Loading] Done in C:\Users\drago\OneDrive\Desktop\myrep\zio-quickstart-restful-webservice\project, returning: (zio-quickstart-restful-webservice-build)
[debug]           Load.loadUnit: loadedProjectsRaw took 226.3622ms
[debug]           Load.loadUnit: cleanEvalClasses took 7.559ms
[debug]         Load.loadUnit(file:/C:/Users/drago/OneDrive/Desktop/myrep/zio-quickstart-restful-webservice/project/, ...) took 273.0877ms
[debug]       Load.apply: load took 275.439ms
[debug]       Load.apply: resolveProjects took 0.1896ms
[debug]       Load.apply: finalTransforms took 16.9083ms
[debug]       Load.apply: config.delegates took 0.656ms
[debug]       Load.apply: Def.make(settings)... took 112.1473ms
[debug]       Load.apply: structureIndex took 61.0651ms
[debug]       Load.apply: mkStreams took 0.0024ms
[info] loading project definition from C:\Users\drago\OneDrive\Desktop\myrep\zio-quickstart-restful-webservice\project
[debug] Running task... Cancel: Signal, check cycles: false, forcegc: true
[debug]     Load.loadUnit: plugins took 1014.9595ms
[debug]     Load.loadUnit: defsScala took 0.0047ms
[debug] [Loading] Scanning directory C:\Users\drago\OneDrive\Desktop\myrep\zio-quickstart-restful-webservice
[debug]       Load.loadUnit: mkEval took 0.3974ms
[debug] [Loading] Found non-root projects 
[debug] [Loading] Done in C:\Users\drago\OneDrive\Desktop\myrep\zio-quickstart-restful-webservice, returning: ()
[debug] deducing auto plugins based on known facts Set(Atom(sbt.plugins.CorePlugin)) and clauses Clauses(Clause(Atom(sbt.plugins.JvmPlugin),Set(Atom(sbt.plugins.IvyPlugin)))
[debug] Clause(Atom(sbt.ScriptedPlugin),Set(Atom(sbt.plugins.JvmPlugin)))
[debug] Clause(Atom(sbt.plugins.SbtPlugin),Set(Atom(sbt.ScriptedPlugin)))
[debug] Clause(Atom(sbt.plugins.SemanticdbPlugin),Set(Atom(sbt.plugins.JvmPlugin)))
[debug] Clause(Atom(sbt.plugins.JUnitXmlReportPlugin),Set(Atom(sbt.plugins.JvmPlugin)))
[debug] Clause(Atom(sbt.plugins.MiniDependencyTreePlugin),Set(Atom(sbt.plugins.JvmPlugin)))
[debug] Clause(Atom(org.jetbrains.sbt.StructurePlugin),Set(Atom(sbt.plugins.JvmPlugin)))
[debug] Clause(Atom(org.jetbrains.sbt.IdeaShellPlugin),Set(Atom(sbt.plugins.JvmPlugin)))
[debug] Clause(Atom(org.jetbrains.sbt.indices.SbtIntellijIndicesPlugin),Set(Atom(sbt.plugins.JvmPlugin)))
[debug] Clause(Atom(sbt.plugins.CorePlugin),Set(Atom(sbt.plugins.IvyPlugin)))
[debug] Clause(Atom(sbt.plugins.IvyPlugin),Set(Atom(sbt.plugins.JvmPlugin)))
[debug] Clause(Atom(sbt.plugins.JvmPlugin),Set(Atom(sbt.plugins.SemanticdbPlugin)))
[debug] Clause(Atom(sbt.plugins.JvmPlugin),Set(Atom(sbt.plugins.JUnitXmlReportPlugin)))
[debug] Clause(Atom(sbt.plugins.CorePlugin),Set(Atom(sbt.plugins.Giter8TemplatePlugin)))
[debug] Clause(Atom(sbt.plugins.JvmPlugin),Set(Atom(sbt.plugins.MiniDependencyTreePlugin)))
[debug] Clause(Atom(sbt.plugins.JvmPlugin),Set(Atom(org.jetbrains.sbt.StructurePlugin)))
[debug] Clause(Atom(sbt.plugins.JvmPlugin),Set(Atom(org.jetbrains.sbt.IdeaShellPlugin)))
[debug] Clause(And(Set(Atom(sbt.plugins.CorePlugin), Atom(sbt.plugins.JvmPlugin))),Set(Atom(org.jetbrains.sbt.indices.SbtIntellijIndicesPlugin))))
[debug]   :: deduced result: Matched(sbt.plugins.CorePlugin,sbt.plugins.Giter8TemplatePlugin,sbt.plugins.IvyPlugin,sbt.plugins.JvmPlugin,sbt.plugins.SemanticdbPlugin,org.jetbrains.sbt.indices.SbtIntellijIndicesPlugin,sbt.plugins.JUnitXmlReportPlugin,org.jetbrains.sbt.IdeaShellPlugin,org.jetbrains.sbt.StructurePlugin,sbt.plugins.MiniDependencyTreePlugin)
[debug] Plugins.deducer#function took 3.3026 ms
[info] loading settings for project zio-quickstart-restful-webservice from build.sbt ...
[debug]         Load.resolveProject(zio-quickstart-restful-webservice) took 36.8253ms
[debug]       Load.loadTransitive: finalizeProject(Project(id zio-quickstart-restful-webservice, base: C:\Users\drago\OneDrive\Desktop\myrep\zio-quickstart-restful-webservice, plugins: List(<none>))) took 41.8344ms
[debug] [Loading] Done in C:\Users\drago\OneDrive\Desktop\myrep\zio-quickstart-restful-webservice, returning: (zio-quickstart-restful-webservice)
[debug]     Load.loadUnit: loadedProjectsRaw took 180.3289ms
[debug]     Load.loadUnit: cleanEvalClasses took 19.4719ms
[debug]   Load.loadUnit(file:/C:/Users/drago/OneDrive/Desktop/myrep/zio-quickstart-restful-webservice/, ...) took 1216.0144ms
[debug] Load.apply: load took 1218.2628ms
[debug] Load.apply: resolveProjects took 0.2073ms
[debug] Load.apply: finalTransforms took 24.4244ms
[debug] Load.apply: config.delegates took 0.3247ms
[debug] Load.apply: Def.make(settings)... took 72.7905ms
[debug] Load.apply: structureIndex took 35.765ms
[debug] Load.apply: mkStreams took 0.0023ms
[info] set current project to zio-quickstart-restful-webservice (in build file:/C:/Users/drago/OneDrive/Desktop/myrep/zio-quickstart-restful-webservice/)
[debug] > Exec(sbtPopOnFailure, None, None)
[debug] > Exec(resumeFromFailure, None, None)
[debug] > Exec(notifyUsersAboutShell, None, None)
[debug] > Exec(iflast shell, None, None)
[debug] > Exec(; set ideaPort in Global := 49456 ; idea-shell, None, None)
[debug] > Exec(set ideaPort in Global := 49456, None, None)
[info] Defining Global / ideaPort
[info] The new value will be used by Compile / compile, Test / compile
[debug] Defining 
[debug] 	Global / ideaPort
[debug] 
[debug] The new value will be used by 
[debug] 	Compile / compile
[debug] 	Test / compile
[info] Reapplying settings...
[info] set current project to zio-quickstart-restful-webservice (in build file:/C:/Users/drago/OneDrive/Desktop/myrep/zio-quickstart-restful-webservice/)
[debug] > Exec(idea-shell, None, None)
